
> @design-system-tarcouto/docs@0.0.0 build
> storybook build

@storybook/cli v7.6.17

info => Cleaning outputDir: \storybook-static
info => Loading presets
info => Building manager..
info => Manager built (1.12 s)
info => Building preview..
info => Copying static files: F:\DesingSysten\node_modules\@storybook\manager\static at F:\DesingSysten\packages\docs\storybook-static\sb-common-assets
[36mvite v4.5.2 [32mbuilding for production...[36m[39m

./sb-common-assets/fonts.css doesn't exist at build time, it will remain unchanged to be resolved at runtime
transforming...
WARN Expected '@storybook/addon-actions' (or '@storybook/addon-essentials') to be listed before '@storybook/addon-interactions' in main Storybook config.
../../node_modules/telejson/dist/index.mjs (1413:15) Use of eval in "../../node_modules/telejson/dist/index.mjs" is strongly discouraged as it poses security risks and may cause issues with minification.
../../node_modules/telejson/dist/index.mjs (1416:18) Use of eval in "../../node_modules/telejson/dist/index.mjs" is strongly discouraged as it poses security risks and may cause issues with minification.
[32m✓[39m 1660 modules transformed.
rendering chunks...
computing gzip size...
[2mstorybook-static/[22m[32miframe.html                                    [39m[1m[2m 13.13 kB[22m[1m[22m[2m │ gzip:   3.70 kB[22m
[2mstorybook-static/[22m[35massets/TokensGrid-ba3a5e36.css                 [39m[1m[2m  0.43 kB[22m[1m[22m[2m │ gzip:   0.22 kB[22m
[2mstorybook-static/[22m[36massets/preview-d4e49974.js                     [39m[1m[2m  0.21 kB[22m[1m[22m[2m │ gzip:   0.20 kB[22m
[2mstorybook-static/[22m[36massets/index-9eea8125.js                       [39m[1m[2m  0.21 kB[22m[1m[22m[2m │ gzip:   0.17 kB[22m
[2mstorybook-static/[22m[36massets/extends-98964cd2.js                     [39m[1m[2m  0.24 kB[22m[1m[22m[2m │ gzip:   0.19 kB[22m
[2mstorybook-static/[22m[36massets/DocsRenderer-NNNQARDV-69c80083.js       [39m[1m[2m  0.45 kB[22m[1m[22m[2m │ gzip:   0.27 kB[22m
[2mstorybook-static/[22m[36massets/WithTooltip-V3YHNWJZ-8a7f333a.js        [39m[1m[2m  0.47 kB[22m[1m[22m[2m │ gzip:   0.28 kB[22m
[2mstorybook-static/[22m[36massets/syntaxhighlighter-B5GMVT5T-4c2d69e3.js  [39m[1m[2m  0.48 kB[22m[1m[22m[2m │ gzip:   0.30 kB[22m
[2mstorybook-static/[22m[36massets/index-a1cf9e47.js                       [39m[1m[2m  0.49 kB[22m[1m[22m[2m │ gzip:   0.31 kB[22m
[2mstorybook-static/[22m[36massets/react-18-988a5df2.js                    [39m[1m[2m  0.55 kB[22m[1m[22m[2m │ gzip:   0.34 kB[22m
[2mstorybook-static/[22m[36massets/preview-33622ce0.js                     [39m[1m[2m  0.60 kB[22m[1m[22m[2m │ gzip:   0.35 kB[22m
[33m
(!) Some chunks are larger than 500 kBs after minification. Consider:
- Using dynamic import() to code-split the application
- Use build.rollupOptions.output.manualChunks to improve chunking: https://rollupjs.org/configuration-options/#output-manualchunks
- Adjust chunk size limit for this warning via build.chunkSizeWarningLimit.[39m
[2mstorybook-static/[22m[36massets/preview-73104b77.js                     [39m[1m[2m  0.64 kB[22m[1m[22m[2m │ gzip:   0.44 kB[22m
[2mstorybook-static/[22m[36massets/_commonjsHelpers-de833af9.js            [39m[1m[2m  0.69 kB[22m[1m[22m[2m │ gzip:   0.38 kB[22m
[2mstorybook-static/[22m[36massets/Checkbox.stories-4cfbed8d.js            [39m[1m[2m  0.76 kB[22m[1m[22m[2m │ gzip:   0.46 kB[22m
[2mstorybook-static/[22m[36massets/index-356e4a49.js                       [39m[1m[2m  0.77 kB[22m[1m[22m[2m │ gzip:   0.47 kB[22m
[2mstorybook-static/[22m[36massets/TokensGrid-c363bc4c.js                  [39m[1m[2m  0.83 kB[22m[1m[22m[2m │ gzip:   0.42 kB[22m
[2mstorybook-static/[22m[36massets/preview-0ef86afd.js                     [39m[1m[2m  0.86 kB[22m[1m[22m[2m │ gzip:   0.55 kB[22m
[2mstorybook-static/[22m[36massets/index-e12bbcad.js                       [39m[1m[2m  0.88 kB[22m[1m[22m[2m │ gzip:   0.47 kB[22m
[2mstorybook-static/[22m[36massets/jsx-runtime-ffb262ed.js                 [39m[1m[2m  0.92 kB[22m[1m[22m[2m │ gzip:   0.58 kB[22m
[2mstorybook-static/[22m[36massets/Avatar.stories-67f29170.js              [39m[1m[2m  0.95 kB[22m[1m[22m[2m │ gzip:   0.49 kB[22m
[2mstorybook-static/[22m[36massets/MultiStep.stories-546d7d71.js           [39m[1m[2m  1.00 kB[22m[1m[22m[2m │ gzip:   0.51 kB[22m
[2mstorybook-static/[22m[36massets/TextArea.stories-8645b923.js            [39m[1m[2m  1.12 kB[22m[1m[22m[2m │ gzip:   0.56 kB[22m
[2mstorybook-static/[22m[36massets/entry-preview-1f5c28fc.js               [39m[1m[2m  1.15 kB[22m[1m[22m[2m │ gzip:   0.67 kB[22m
[2mstorybook-static/[22m[36massets/home.stories-d89c6b01.js                [39m[1m[2m  1.17 kB[22m[1m[22m[2m │ gzip:   0.63 kB[22m
[2mstorybook-static/[22m[36massets/radii.stories-fd63651a.js               [39m[1m[2m  1.20 kB[22m[1m[22m[2m │ gzip:   0.63 kB[22m
[2mstorybook-static/[22m[36massets/space.stories-2a468b6d.js               [39m[1m[2m  1.22 kB[22m[1m[22m[2m │ gzip:   0.64 kB[22m
[2mstorybook-static/[22m[36massets/font-weights.stories-d5e4abcf.js        [39m[1m[2m  1.23 kB[22m[1m[22m[2m │ gzip:   0.64 kB[22m
[2mstorybook-static/[22m[36massets/line-height.stories-bc7a14ce.js         [39m[1m[2m  1.23 kB[22m[1m[22m[2m │ gzip:   0.64 kB[22m
[2mstorybook-static/[22m[36massets/fonts.stories-71b8fa9a.js               [39m[1m[2m  1.23 kB[22m[1m[22m[2m │ gzip:   0.64 kB[22m
[2mstorybook-static/[22m[36massets/font-sizes.stories-748a50e6.js          [39m[1m[2m  1.24 kB[22m[1m[22m[2m │ gzip:   0.65 kB[22m
[2mstorybook-static/[22m[36massets/Text.stories-1e448cde.js                [39m[1m[2m  1.30 kB[22m[1m[22m[2m │ gzip:   0.68 kB[22m
[2mstorybook-static/[22m[36massets/Heading.stories-85fbf96e.js             [39m[1m[2m  1.33 kB[22m[1m[22m[2m │ gzip:   0.64 kB[22m
[2mstorybook-static/[22m[36massets/TextInput.stories-0853c81c.js           [39m[1m[2m  1.38 kB[22m[1m[22m[2m │ gzip:   0.63 kB[22m
[2mstorybook-static/[22m[36massets/colors.stories-48b72de8.js              [39m[1m[2m  1.56 kB[22m[1m[22m[2m │ gzip:   0.83 kB[22m
[2mstorybook-static/[22m[36massets/index-11d98b33.js                       [39m[1m[2m  2.59 kB[22m[1m[22m[2m │ gzip:   1.26 kB[22m
[2mstorybook-static/[22m[36massets/preview-30b54f76.js                     [39m[1m[2m  3.21 kB[22m[1m[22m[2m │ gzip:   1.37 kB[22m
[2mstorybook-static/[22m[36massets/Button.stories-31eb5967.js              [39m[1m[2m  4.71 kB[22m[1m[22m[2m │ gzip:   1.32 kB[22m
[2mstorybook-static/[22m[36massets/preview-d01b88e8.js                     [39m[1m[2m  5.23 kB[22m[1m[22m[2m │ gzip:   2.39 kB[22m
[2mstorybook-static/[22m[36massets/Box.stories-3aee71af.js                 [39m[1m[2m  6.16 kB[22m[1m[22m[2m │ gzip:   2.27 kB[22m
[2mstorybook-static/[22m[36massets/index-76fb7be0.js                       [39m[1m[2m  7.16 kB[22m[1m[22m[2m │ gzip:   2.91 kB[22m
[2mstorybook-static/[22m[36massets/preview-da31036b.js                     [39m[1m[2m  7.62 kB[22m[1m[22m[2m │ gzip:   1.56 kB[22m
[2mstorybook-static/[22m[36massets/preview-c56bf6ac.js                     [39m[1m[2m  8.28 kB[22m[1m[22m[2m │ gzip:   3.16 kB[22m
[2mstorybook-static/[22m[36massets/iframe-13526a48.js                      [39m[1m[2m 11.39 kB[22m[1m[22m[2m │ gzip:   2.11 kB[22m
[2mstorybook-static/[22m[36massets/chunk-EIRT5I3Z-a2c0b74c.js              [39m[1m[2m 21.72 kB[22m[1m[22m[2m │ gzip:   7.20 kB[22m
[2mstorybook-static/[22m[36massets/index-90161efd.js                       [39m[1m[2m 24.01 kB[22m[1m[22m[2m │ gzip:   3.79 kB[22m
[2mstorybook-static/[22m[36massets/index-4dc68bab.js                       [39m[1m[2m 25.67 kB[22m[1m[22m[2m │ gzip:   9.68 kB[22m
[2mstorybook-static/[22m[36massets/Color-6VNJS4EI-54085876.js              [39m[1m[2m 31.08 kB[22m[1m[22m[2m │ gzip:  11.66 kB[22m
[2mstorybook-static/[22m[36massets/preview-2d30111f.js                     [39m[1m[2m 72.16 kB[22m[1m[22m[2m │ gzip:  24.38 kB[22m
[2mstorybook-static/[22m[36massets/index-8fd8397b.js                       [39m[1m[2m 78.40 kB[22m[1m[22m[2m │ gzip:  23.41 kB[22m
[2mstorybook-static/[22m[36massets/index-d3ea75b5.js                       [39m[1m[2m134.07 kB[22m[1m[22m[2m │ gzip:  43.20 kB[22m
[2mstorybook-static/[22m[36massets/entry-preview-docs-a89ae0d4.js          [39m[1m[2m213.13 kB[22m[1m[22m[2m │ gzip:  66.23 kB[22m
[2mstorybook-static/[22m[36massets/chunk-HLWAVYOI-f29c9d22.js              [39m[1m[33m519.57 kB[39m[22m[2m │ gzip: 169.05 kB[22m
[2mstorybook-static/[22m[36massets/formatter-SWP5E3XI-7c87c37c.js          [39m[1m[33m601.67 kB[39m[22m[2m │ gzip: 185.05 kB[22m
[32m✓ built in 15.92s[39m
info => Preview built (19 s)
info => Output directory: F:\DesingSysten\packages\docs\storybook-static
